  MovementGraph.cpp
d:\git project\rts game\src\entities\movementgraph.cpp(67): warning C4244: 'initializing': conversion from 'float' to 'int', possible loss of data
d:\git project\rts game\src\entities\movementgraph.cpp(73): warning C4244: 'initializing': conversion from 'float' to 'int', possible loss of data
d:\git project\rts game\src\entities\movementgraph.cpp(75): warning C4244: 'argument': conversion from 'int' to 'float', possible loss of data
d:\git project\rts game\src\entities\movementgraph.cpp(77): warning C4244: 'argument': conversion from 'int' to 'float', possible loss of data
d:\visual studio 2017\vc\tools\msvc\14.11.25503\include\xmemory0(856): warning C4244: 'argument': conversion from 'int' to 'float', possible loss of data
  d:\visual studio 2017\vc\tools\msvc\14.11.25503\include\vector(958): note: see reference to function template instantiation 'void std::_Default_allocator_traits<_Alloc>::construct<_Ty,int&,int&>(_Alloc &,_Objty *const ,int &,int &)' being compiled
          with
          [
              _Alloc=std::allocator<sf::Vector2f>,
              _Ty=sf::Vector2<float>,
              _Objty=sf::Vector2<float>
          ]
  d:\visual studio 2017\vc\tools\msvc\14.11.25503\include\vector(958): note: see reference to function template instantiation 'void std::_Default_allocator_traits<_Alloc>::construct<_Ty,int&,int&>(_Alloc &,_Objty *const ,int &,int &)' being compiled
          with
          [
              _Alloc=std::allocator<sf::Vector2f>,
              _Ty=sf::Vector2<float>,
              _Objty=sf::Vector2<float>
          ]
  d:\git project\rts game\src\entities\movementgraph.cpp(78): note: see reference to function template instantiation 'void std::vector<sf::Vector2f,std::allocator<_Ty>>::emplace_back<int&,int&>(int &,int &)' being compiled
          with
          [
              _Ty=sf::Vector2f
          ]
  RTS Game.vcxproj -> D:\GIT Project\RTS Game\x64\Debug\RTS Game.exe
