d:\git project\rts game\x64\debug\vc141.pdb
d:\git project\rts game\x64\debug\vc141.idb
d:\git project\rts game\x64\debug\boxselector.obj
d:\git project\rts game\x64\debug\frametimer.obj
d:\git project\rts game\x64\debug\game.obj
d:\git project\rts game\x64\debug\entity.obj
d:\git project\rts game\x64\debug\timer.obj
d:\git project\rts game\x64\debug\entitymanagerlocator.obj
d:\git project\rts game\x64\debug\frametimerlocator.obj
d:\git project\rts game\x64\debug\main.obj
d:\git project\rts game\x64\debug\entitymanager.obj
d:\git project\rts game\x64\debug\systemmanager.obj
d:\git project\rts game\x64\debug\systembase.obj
d:\git project\rts game\x64\debug\systemdrawable.obj
d:\git project\rts game\x64\debug\systemselectable.obj
d:\git project\rts game\x64\debug\window.obj
d:\git project\rts game\x64\debug\systemcollidable.obj
d:\git project\rts game\x64\debug\rts game.exe
d:\git project\rts game\x64\debug\rts game.ilk
d:\git project\rts game\x64\debug\rts game.pdb
d:\git project\rts game\x64\debug\rts game.tlog\cl.command.1.tlog
d:\git project\rts game\x64\debug\rts game.tlog\cl.read.1.tlog
d:\git project\rts game\x64\debug\rts game.tlog\cl.write.1.tlog
d:\git project\rts game\x64\debug\rts game.tlog\link.command.1.tlog
d:\git project\rts game\x64\debug\rts game.tlog\link.read.1.tlog
d:\git project\rts game\x64\debug\rts game.tlog\link.write.1.tlog
